Determining if the pthread_create exist failed with the following output:
Change Dir: /home/saiajith/cartographer_ws_ros1/build_isolated/cartographer_ros_msgs/CMakeFiles/CMakeTmp

Run Build Command:"/usr/bin/ninja" "cmTC_628c7"
[1/2] Building C object CMakeFiles/cmTC_628c7.dir/CheckSymbolExists.c.o
[2/2] Linking C executable cmTC_628c7
FAILED: cmTC_628c7 
: && /usr/bin/cc   -rdynamic CMakeFiles/cmTC_628c7.dir/CheckSymbolExists.c.o  -o cmTC_628c7   && :
CMakeFiles/cmTC_628c7.dir/CheckSymbolExists.c.o: In function `main':
CheckSymbolExists.c:(.text+0x1b): undefined reference to `pthread_create'
collect2: error: ld returned 1 exit status
ninja: build stopped: subcommand failed.

File /home/saiajith/cartographer_ws_ros1/build_isolated/cartographer_ros_msgs/CMakeFiles/CMakeTmp/CheckSymbolExists.c:
/* */
#include <pthread.h>

int main(int argc, char** argv)
{
  (void)argv;
#ifndef pthread_create
  return ((int*)(&pthread_create))[argc];
#else
  (void)argc;
  return 0;
#endif
}

Determining if the function pthread_create exists in the pthreads failed with the following output:
Change Dir: /home/saiajith/cartographer_ws_ros1/build_isolated/cartographer_ros_msgs/CMakeFiles/CMakeTmp

Run Build Command:"/usr/bin/ninja" "cmTC_3dcfe"
[1/2] Building C object CMakeFiles/cmTC_3dcfe.dir/CheckFunctionExists.c.o
[2/2] Linking C executable cmTC_3dcfe
FAILED: cmTC_3dcfe 
: && /usr/bin/cc -DCHECK_FUNCTION_EXISTS=pthread_create  -rdynamic CMakeFiles/cmTC_3dcfe.dir/CheckFunctionExists.c.o  -o cmTC_3dcfe  -lpthreads && :
/usr/bin/ld: cannot find -lpthreads
collect2: error: ld returned 1 exit status
ninja: build stopped: subcommand failed.


