Determining if the pthread_create exist failed with the following output:
Change Dir: /home/saiajith/cartographer_ws_ros1/build_isolated/cartographer/install/CMakeFiles/CMakeTmp

Run Build Command:"/usr/bin/ninja" "cmTC_c5009"
[1/2] Building C object CMakeFiles/cmTC_c5009.dir/CheckSymbolExists.c.o
[2/2] Linking C executable cmTC_c5009
FAILED: cmTC_c5009 
: && /usr/bin/cc   -rdynamic CMakeFiles/cmTC_c5009.dir/CheckSymbolExists.c.o  -o cmTC_c5009   && :
CMakeFiles/cmTC_c5009.dir/CheckSymbolExists.c.o: In function `main':
CheckSymbolExists.c:(.text+0x1b): undefined reference to `pthread_create'
collect2: error: ld returned 1 exit status
ninja: build stopped: subcommand failed.

File /home/saiajith/cartographer_ws_ros1/build_isolated/cartographer/install/CMakeFiles/CMakeTmp/CheckSymbolExists.c:
/* */
#include <pthread.h>

int main(int argc, char** argv)
{
  (void)argv;
#ifndef pthread_create
  return ((int*)(&pthread_create))[argc];
#else
  (void)argc;
  return 0;
#endif
}

Determining if the function pthread_create exists in the pthreads failed with the following output:
Change Dir: /home/saiajith/cartographer_ws_ros1/build_isolated/cartographer/install/CMakeFiles/CMakeTmp

Run Build Command:"/usr/bin/ninja" "cmTC_2a37a"
[1/2] Building C object CMakeFiles/cmTC_2a37a.dir/CheckFunctionExists.c.o
[2/2] Linking C executable cmTC_2a37a
FAILED: cmTC_2a37a 
: && /usr/bin/cc -DCHECK_FUNCTION_EXISTS=pthread_create  -rdynamic CMakeFiles/cmTC_2a37a.dir/CheckFunctionExists.c.o  -o cmTC_2a37a  -lpthreads && :
/usr/bin/ld: cannot find -lpthreads
collect2: error: ld returned 1 exit status
ninja: build stopped: subcommand failed.


