Determining if the pthread_create exist failed with the following output:
Change Dir: /home/saiajith/cartographer_ws_ros1/build_isolated/cartographer_ros/CMakeFiles/CMakeTmp

Run Build Command:"/usr/bin/ninja" "cmTC_cb232"
[1/2] Building C object CMakeFiles/cmTC_cb232.dir/CheckSymbolExists.c.o
[2/2] Linking C executable cmTC_cb232
FAILED: cmTC_cb232 
: && /usr/bin/cc   -rdynamic CMakeFiles/cmTC_cb232.dir/CheckSymbolExists.c.o  -o cmTC_cb232   && :
CMakeFiles/cmTC_cb232.dir/CheckSymbolExists.c.o: In function `main':
CheckSymbolExists.c:(.text+0x1b): undefined reference to `pthread_create'
collect2: error: ld returned 1 exit status
ninja: build stopped: subcommand failed.

File /home/saiajith/cartographer_ws_ros1/build_isolated/cartographer_ros/CMakeFiles/CMakeTmp/CheckSymbolExists.c:
/* */
#include <pthread.h>

int main(int argc, char** argv)
{
  (void)argv;
#ifndef pthread_create
  return ((int*)(&pthread_create))[argc];
#else
  (void)argc;
  return 0;
#endif
}

Determining if the function pthread_create exists in the pthreads failed with the following output:
Change Dir: /home/saiajith/cartographer_ws_ros1/build_isolated/cartographer_ros/CMakeFiles/CMakeTmp

Run Build Command:"/usr/bin/ninja" "cmTC_fee57"
[1/2] Building C object CMakeFiles/cmTC_fee57.dir/CheckFunctionExists.c.o
[2/2] Linking C executable cmTC_fee57
FAILED: cmTC_fee57 
: && /usr/bin/cc -DCHECK_FUNCTION_EXISTS=pthread_create  -rdynamic CMakeFiles/cmTC_fee57.dir/CheckFunctionExists.c.o  -o cmTC_fee57  -lpthreads && :
/usr/bin/ld: cannot find -lpthreads
collect2: error: ld returned 1 exit status
ninja: build stopped: subcommand failed.


